{"/Users/joshuafielding/Sites/FullStackOpen/part5/course/frontend/src/App.js": {"path":"/Users/joshuafielding/Sites/FullStackOpen/part5/course/frontend/src/App.js","statementMap":{"0":{"start":{"line":13,"column":12},"end":{"line":193,"column":1}},"1":{"start":{"line":14,"column":42},"end":{"line":14,"column":57}},"2":{"start":{"line":15,"column":28},"end":{"line":15,"column":42}},"3":{"start":{"line":16,"column":32},"end":{"line":16,"column":46}},"4":{"start":{"line":18,"column":42},"end":{"line":18,"column":56}},"5":{"start":{"line":19,"column":46},"end":{"line":19,"column":60}},"6":{"start":{"line":21,"column":34},"end":{"line":21,"column":46}},"7":{"start":{"line":22,"column":34},"end":{"line":22,"column":46}},"8":{"start":{"line":23,"column":26},"end":{"line":23,"column":40}},"9":{"start":{"line":24,"column":22},"end":{"line":24,"column":30}},"10":{"start":{"line":28,"column":2},"end":{"line":32,"column":8}},"11":{"start":{"line":29,"column":4},"end":{"line":31,"column":6}},"12":{"start":{"line":30,"column":6},"end":{"line":30,"column":28}},"13":{"start":{"line":35,"column":2},"end":{"line":45,"column":8}},"14":{"start":{"line":36,"column":27},"end":{"line":36,"column":75}},"15":{"start":{"line":38,"column":4},"end":{"line":44,"column":5}},"16":{"start":{"line":40,"column":19},"end":{"line":40,"column":45}},"17":{"start":{"line":42,"column":6},"end":{"line":42,"column":19}},"18":{"start":{"line":43,"column":6},"end":{"line":43,"column":38}},"19":{"start":{"line":48,"column":2},"end":{"line":48,"column":25}},"20":{"start":{"line":48,"column":14},"end":{"line":48,"column":25}},"21":{"start":{"line":50,"column":22},"end":{"line":73,"column":3}},"22":{"start":{"line":51,"column":4},"end":{"line":51,"column":26}},"23":{"start":{"line":52,"column":4},"end":{"line":72,"column":5}},"24":{"start":{"line":55,"column":19},"end":{"line":55,"column":67}},"25":{"start":{"line":58,"column":6},"end":{"line":58,"column":76}},"26":{"start":{"line":62,"column":6},"end":{"line":62,"column":38}},"27":{"start":{"line":64,"column":6},"end":{"line":64,"column":19}},"28":{"start":{"line":65,"column":6},"end":{"line":65,"column":21}},"29":{"start":{"line":66,"column":6},"end":{"line":66,"column":21}},"30":{"start":{"line":68,"column":6},"end":{"line":68,"column":42}},"31":{"start":{"line":69,"column":6},"end":{"line":71,"column":14}},"32":{"start":{"line":70,"column":8},"end":{"line":70,"column":29}},"33":{"start":{"line":75,"column":23},"end":{"line":85,"column":3}},"34":{"start":{"line":76,"column":4},"end":{"line":84,"column":5}},"35":{"start":{"line":77,"column":6},"end":{"line":77,"column":33}},"36":{"start":{"line":78,"column":6},"end":{"line":78,"column":19}},"37":{"start":{"line":80,"column":6},"end":{"line":80,"column":47}},"38":{"start":{"line":81,"column":6},"end":{"line":83,"column":14}},"39":{"start":{"line":82,"column":8},"end":{"line":82,"column":29}},"40":{"start":{"line":87,"column":18},"end":{"line":99,"column":3}},"41":{"start":{"line":88,"column":4},"end":{"line":88,"column":42}},"42":{"start":{"line":90,"column":4},"end":{"line":98,"column":6}},"43":{"start":{"line":91,"column":6},"end":{"line":91,"column":42}},"44":{"start":{"line":92,"column":6},"end":{"line":94,"column":7}},"45":{"start":{"line":95,"column":6},"end":{"line":97,"column":14}},"46":{"start":{"line":96,"column":8},"end":{"line":96,"column":31}},"47":{"start":{"line":101,"column":22},"end":{"line":101,"column":78}},"48":{"start":{"line":101,"column":63},"end":{"line":101,"column":77}},"49":{"start":{"line":103,"column":29},"end":{"line":120,"column":3}},"50":{"start":{"line":104,"column":17},"end":{"line":104,"column":47}},"51":{"start":{"line":104,"column":35},"end":{"line":104,"column":46}},"52":{"start":{"line":105,"column":24},"end":{"line":105,"column":63}},"53":{"start":{"line":106,"column":4},"end":{"line":119,"column":8}},"54":{"start":{"line":109,"column":8},"end":{"line":109,"column":77}},"55":{"start":{"line":109,"column":38},"end":{"line":109,"column":74}},"56":{"start":{"line":112,"column":8},"end":{"line":114,"column":9}},"57":{"start":{"line":115,"column":8},"end":{"line":117,"column":16}},"58":{"start":{"line":116,"column":10},"end":{"line":116,"column":31}},"59":{"start":{"line":118,"column":8},"end":{"line":118,"column":50}},"60":{"start":{"line":118,"column":37},"end":{"line":118,"column":48}},"61":{"start":{"line":122,"column":20},"end":{"line":144,"column":3}},"62":{"start":{"line":123,"column":28},"end":{"line":123,"column":67}},"63":{"start":{"line":124,"column":28},"end":{"line":124,"column":67}},"64":{"start":{"line":126,"column":4},"end":{"line":143,"column":5}},"65":{"start":{"line":129,"column":33},"end":{"line":129,"column":54}},"66":{"start":{"line":136,"column":50},"end":{"line":136,"column":75}},"67":{"start":{"line":137,"column":50},"end":{"line":137,"column":75}},"68":{"start":{"line":140,"column":33},"end":{"line":140,"column":55}},"69":{"start":{"line":146,"column":19},"end":{"line":150,"column":3}},"70":{"start":{"line":147,"column":4},"end":{"line":149,"column":16}},"71":{"start":{"line":152,"column":2},"end":{"line":192,"column":3}},"72":{"start":{"line":172,"column":35},"end":{"line":172,"column":55}},"73":{"start":{"line":180,"column":14},"end":{"line":184,"column":16}},"74":{"start":{"line":183,"column":40},"end":{"line":183,"column":67}}},"fnMap":{"0":{"name":"(anonymous_0)","decl":{"start":{"line":13,"column":12},"end":{"line":13,"column":13}},"loc":{"start":{"line":13,"column":18},"end":{"line":193,"column":1}},"line":13},"1":{"name":"(anonymous_1)","decl":{"start":{"line":28,"column":12},"end":{"line":28,"column":13}},"loc":{"start":{"line":28,"column":18},"end":{"line":32,"column":3}},"line":28},"2":{"name":"(anonymous_2)","decl":{"start":{"line":29,"column":30},"end":{"line":29,"column":31}},"loc":{"start":{"line":29,"column":48},"end":{"line":31,"column":5}},"line":29},"3":{"name":"(anonymous_3)","decl":{"start":{"line":35,"column":12},"end":{"line":35,"column":13}},"loc":{"start":{"line":35,"column":18},"end":{"line":45,"column":3}},"line":35},"4":{"name":"(anonymous_4)","decl":{"start":{"line":50,"column":22},"end":{"line":50,"column":23}},"loc":{"start":{"line":50,"column":39},"end":{"line":73,"column":3}},"line":50},"5":{"name":"(anonymous_5)","decl":{"start":{"line":69,"column":17},"end":{"line":69,"column":18}},"loc":{"start":{"line":69,"column":23},"end":{"line":71,"column":7}},"line":69},"6":{"name":"(anonymous_6)","decl":{"start":{"line":75,"column":23},"end":{"line":75,"column":24}},"loc":{"start":{"line":75,"column":35},"end":{"line":85,"column":3}},"line":75},"7":{"name":"(anonymous_7)","decl":{"start":{"line":81,"column":17},"end":{"line":81,"column":18}},"loc":{"start":{"line":81,"column":23},"end":{"line":83,"column":7}},"line":81},"8":{"name":"(anonymous_8)","decl":{"start":{"line":87,"column":18},"end":{"line":87,"column":19}},"loc":{"start":{"line":87,"column":34},"end":{"line":99,"column":3}},"line":87},"9":{"name":"(anonymous_9)","decl":{"start":{"line":90,"column":40},"end":{"line":90,"column":41}},"loc":{"start":{"line":90,"column":58},"end":{"line":98,"column":5}},"line":90},"10":{"name":"(anonymous_10)","decl":{"start":{"line":95,"column":17},"end":{"line":95,"column":18}},"loc":{"start":{"line":95,"column":23},"end":{"line":97,"column":7}},"line":95},"11":{"name":"(anonymous_11)","decl":{"start":{"line":101,"column":53},"end":{"line":101,"column":54}},"loc":{"start":{"line":101,"column":63},"end":{"line":101,"column":77}},"line":101},"12":{"name":"(anonymous_12)","decl":{"start":{"line":103,"column":29},"end":{"line":103,"column":30}},"loc":{"start":{"line":103,"column":37},"end":{"line":120,"column":3}},"line":103},"13":{"name":"(anonymous_13)","decl":{"start":{"line":104,"column":28},"end":{"line":104,"column":29}},"loc":{"start":{"line":104,"column":35},"end":{"line":104,"column":46}},"line":104},"14":{"name":"(anonymous_14)","decl":{"start":{"line":108,"column":12},"end":{"line":108,"column":13}},"loc":{"start":{"line":108,"column":30},"end":{"line":110,"column":7}},"line":108},"15":{"name":"(anonymous_15)","decl":{"start":{"line":109,"column":27},"end":{"line":109,"column":28}},"loc":{"start":{"line":109,"column":38},"end":{"line":109,"column":74}},"line":109},"16":{"name":"(anonymous_16)","decl":{"start":{"line":111,"column":13},"end":{"line":111,"column":14}},"loc":{"start":{"line":111,"column":24},"end":{"line":119,"column":7}},"line":111},"17":{"name":"(anonymous_17)","decl":{"start":{"line":115,"column":19},"end":{"line":115,"column":20}},"loc":{"start":{"line":115,"column":25},"end":{"line":117,"column":9}},"line":115},"18":{"name":"(anonymous_18)","decl":{"start":{"line":118,"column":30},"end":{"line":118,"column":31}},"loc":{"start":{"line":118,"column":37},"end":{"line":118,"column":48}},"line":118},"19":{"name":"(anonymous_19)","decl":{"start":{"line":122,"column":20},"end":{"line":122,"column":21}},"loc":{"start":{"line":122,"column":26},"end":{"line":144,"column":3}},"line":122},"20":{"name":"(anonymous_20)","decl":{"start":{"line":129,"column":27},"end":{"line":129,"column":28}},"loc":{"start":{"line":129,"column":33},"end":{"line":129,"column":54}},"line":129},"21":{"name":"(anonymous_21)","decl":{"start":{"line":136,"column":34},"end":{"line":136,"column":35}},"loc":{"start":{"line":136,"column":50},"end":{"line":136,"column":75}},"line":136},"22":{"name":"(anonymous_22)","decl":{"start":{"line":137,"column":34},"end":{"line":137,"column":35}},"loc":{"start":{"line":137,"column":50},"end":{"line":137,"column":75}},"line":137},"23":{"name":"(anonymous_23)","decl":{"start":{"line":140,"column":27},"end":{"line":140,"column":28}},"loc":{"start":{"line":140,"column":33},"end":{"line":140,"column":55}},"line":140},"24":{"name":"(anonymous_24)","decl":{"start":{"line":146,"column":19},"end":{"line":146,"column":20}},"loc":{"start":{"line":147,"column":4},"end":{"line":149,"column":16}},"line":147},"25":{"name":"(anonymous_25)","decl":{"start":{"line":172,"column":29},"end":{"line":172,"column":30}},"loc":{"start":{"line":172,"column":35},"end":{"line":172,"column":55}},"line":172},"26":{"name":"(anonymous_26)","decl":{"start":{"line":178,"column":29},"end":{"line":178,"column":30}},"loc":{"start":{"line":180,"column":14},"end":{"line":184,"column":16}},"line":180},"27":{"name":"(anonymous_27)","decl":{"start":{"line":183,"column":34},"end":{"line":183,"column":35}},"loc":{"start":{"line":183,"column":40},"end":{"line":183,"column":67}},"line":183}},"branchMap":{"0":{"loc":{"start":{"line":38,"column":4},"end":{"line":44,"column":5}},"type":"if","locations":[{"start":{"line":38,"column":4},"end":{"line":44,"column":5}},{"start":{},"end":{}}],"line":38},"1":{"loc":{"start":{"line":48,"column":2},"end":{"line":48,"column":25}},"type":"if","locations":[{"start":{"line":48,"column":2},"end":{"line":48,"column":25}},{"start":{},"end":{}}],"line":48},"2":{"loc":{"start":{"line":101,"column":22},"end":{"line":101,"column":78}},"type":"cond-expr","locations":[{"start":{"line":101,"column":32},"end":{"line":101,"column":37}},{"start":{"line":101,"column":40},"end":{"line":101,"column":78}}],"line":101},"3":{"loc":{"start":{"line":109,"column":38},"end":{"line":109,"column":74}},"type":"cond-expr","locations":[{"start":{"line":109,"column":55},"end":{"line":109,"column":59}},{"start":{"line":109,"column":62},"end":{"line":109,"column":74}}],"line":109},"4":{"loc":{"start":{"line":123,"column":39},"end":{"line":123,"column":65}},"type":"cond-expr","locations":[{"start":{"line":123,"column":54},"end":{"line":123,"column":60}},{"start":{"line":123,"column":63},"end":{"line":123,"column":65}}],"line":123},"5":{"loc":{"start":{"line":124,"column":39},"end":{"line":124,"column":65}},"type":"cond-expr","locations":[{"start":{"line":124,"column":54},"end":{"line":124,"column":56}},{"start":{"line":124,"column":59},"end":{"line":124,"column":65}}],"line":124},"6":{"loc":{"start":{"line":131,"column":9},"end":{"line":131,"column":64}},"type":"binary-expr","locations":[{"start":{"line":131,"column":9},"end":{"line":131,"column":21}},{"start":{"line":131,"column":25},"end":{"line":131,"column":64}}],"line":131},"7":{"loc":{"start":{"line":156,"column":7},"end":{"line":161,"column":7}},"type":"binary-expr","locations":[{"start":{"line":156,"column":7},"end":{"line":156,"column":12}},{"start":{"line":157,"column":8},"end":{"line":160,"column":11}}],"line":156},"8":{"loc":{"start":{"line":163,"column":7},"end":{"line":188,"column":7}},"type":"binary-expr","locations":[{"start":{"line":163,"column":7},"end":{"line":163,"column":11}},{"start":{"line":164,"column":8},"end":{"line":187,"column":14}}],"line":163},"9":{"loc":{"start":{"line":174,"column":20},"end":{"line":174,"column":49}},"type":"cond-expr","locations":[{"start":{"line":174,"column":30},"end":{"line":174,"column":41}},{"start":{"line":174,"column":44},"end":{"line":174,"column":49}}],"line":174}},"s":{"0":0,"1":0,"2":0,"3":0,"4":0,"5":0,"6":0,"7":0,"8":0,"9":0,"10":0,"11":0,"12":0,"13":0,"14":0,"15":0,"16":0,"17":0,"18":0,"19":0,"20":0,"21":0,"22":0,"23":0,"24":0,"25":0,"26":0,"27":0,"28":0,"29":0,"30":0,"31":0,"32":0,"33":0,"34":0,"35":0,"36":0,"37":0,"38":0,"39":0,"40":0,"41":0,"42":0,"43":0,"44":0,"45":0,"46":0,"47":0,"48":0,"49":0,"50":0,"51":0,"52":0,"53":0,"54":0,"55":0,"56":0,"57":0,"58":0,"59":0,"60":0,"61":0,"62":0,"63":0,"64":0,"65":0,"66":0,"67":0,"68":0,"69":0,"70":0,"71":0,"72":0,"73":0,"74":0},"f":{"0":0,"1":0,"2":0,"3":0,"4":0,"5":0,"6":0,"7":0,"8":0,"9":0,"10":0,"11":0,"12":0,"13":0,"14":0,"15":0,"16":0,"17":0,"18":0,"19":0,"20":0,"21":0,"22":0,"23":0,"24":0,"25":0,"26":0,"27":0},"b":{"0":[0,0],"1":[0,0],"2":[0,0],"3":[0,0],"4":[0,0],"5":[0,0],"6":[0,0],"7":[0,0],"8":[0,0],"9":[0,0]}}
,"/Users/joshuafielding/Sites/FullStackOpen/part5/course/frontend/src/index.js": {"path":"/Users/joshuafielding/Sites/FullStackOpen/part5/course/frontend/src/index.js","statementMap":{"0":{"start":{"line":6,"column":0},"end":{"line":6,"column":69}}},"fnMap":{},"branchMap":{},"s":{"0":0},"f":{},"b":{}}
,"/Users/joshuafielding/Sites/FullStackOpen/part5/course/frontend/src/components/Footer.js": {"path":"/Users/joshuafielding/Sites/FullStackOpen/part5/course/frontend/src/components/Footer.js","statementMap":{"0":{"start":{"line":1,"column":15},"end":{"line":13,"column":1}},"1":{"start":{"line":2,"column":22},"end":{"line":6,"column":3}},"2":{"start":{"line":7,"column":2},"end":{"line":12,"column":4}}},"fnMap":{"0":{"name":"(anonymous_0)","decl":{"start":{"line":1,"column":15},"end":{"line":1,"column":16}},"loc":{"start":{"line":1,"column":21},"end":{"line":13,"column":1}},"line":1}},"branchMap":{},"s":{"0":0,"1":0,"2":0},"f":{"0":0},"b":{}}
,"/Users/joshuafielding/Sites/FullStackOpen/part5/course/frontend/src/components/LoginForm.js": {"path":"/Users/joshuafielding/Sites/FullStackOpen/part5/course/frontend/src/components/LoginForm.js","statementMap":{"0":{"start":{"line":3,"column":18},"end":{"line":35,"column":1}},"1":{"start":{"line":10,"column":2},"end":{"line":34,"column":3}},"2":{"start":{"line":37,"column":0},"end":{"line":43,"column":1}}},"fnMap":{"0":{"name":"(anonymous_0)","decl":{"start":{"line":3,"column":18},"end":{"line":3,"column":19}},"loc":{"start":{"line":9,"column":6},"end":{"line":35,"column":1}},"line":9}},"branchMap":{},"s":{"0":0,"1":0,"2":0},"f":{"0":0},"b":{}}
,"/Users/joshuafielding/Sites/FullStackOpen/part5/course/frontend/src/components/Note.js": {"path":"/Users/joshuafielding/Sites/FullStackOpen/part5/course/frontend/src/components/Note.js","statementMap":{"0":{"start":{"line":1,"column":13},"end":{"line":12,"column":1}},"1":{"start":{"line":2,"column":16},"end":{"line":2,"column":72}},"2":{"start":{"line":4,"column":2},"end":{"line":11,"column":3}}},"fnMap":{"0":{"name":"(anonymous_0)","decl":{"start":{"line":1,"column":13},"end":{"line":1,"column":14}},"loc":{"start":{"line":1,"column":45},"end":{"line":12,"column":1}},"line":1}},"branchMap":{"0":{"loc":{"start":{"line":2,"column":16},"end":{"line":2,"column":72}},"type":"cond-expr","locations":[{"start":{"line":2,"column":33},"end":{"line":2,"column":53}},{"start":{"line":2,"column":56},"end":{"line":2,"column":72}}],"line":2}},"s":{"0":1,"1":2,"2":2},"f":{"0":2},"b":{"0":[2,0]},"_coverageSchema":"1a1c01bbd47fc00a2c39e90264f33305004495a9","hash":"55ec20d023b31c06d939b9abce208fd1cb6c68a8"}
,"/Users/joshuafielding/Sites/FullStackOpen/part5/course/frontend/src/components/NoteForm.js": {"path":"/Users/joshuafielding/Sites/FullStackOpen/part5/course/frontend/src/components/NoteForm.js","statementMap":{"0":{"start":{"line":4,"column":17},"end":{"line":35,"column":1}},"1":{"start":{"line":5,"column":32},"end":{"line":5,"column":44}},"2":{"start":{"line":7,"column":18},"end":{"line":17,"column":3}},"3":{"start":{"line":8,"column":4},"end":{"line":8,"column":26}},"4":{"start":{"line":10,"column":4},"end":{"line":14,"column":6}},"5":{"start":{"line":16,"column":4},"end":{"line":16,"column":18}},"6":{"start":{"line":19,"column":2},"end":{"line":34,"column":3}},"7":{"start":{"line":29,"column":31},"end":{"line":29,"column":61}}},"fnMap":{"0":{"name":"(anonymous_0)","decl":{"start":{"line":4,"column":17},"end":{"line":4,"column":18}},"loc":{"start":{"line":4,"column":53},"end":{"line":35,"column":1}},"line":4},"1":{"name":"(anonymous_1)","decl":{"start":{"line":7,"column":18},"end":{"line":7,"column":19}},"loc":{"start":{"line":7,"column":29},"end":{"line":17,"column":3}},"line":7},"2":{"name":"(anonymous_2)","decl":{"start":{"line":29,"column":20},"end":{"line":29,"column":21}},"loc":{"start":{"line":29,"column":31},"end":{"line":29,"column":61}},"line":29}},"branchMap":{"0":{"loc":{"start":{"line":23,"column":9},"end":{"line":23,"column":83}},"type":"binary-expr","locations":[{"start":{"line":23,"column":9},"end":{"line":23,"column":23}},{"start":{"line":23,"column":27},"end":{"line":23,"column":83}}],"line":23}},"s":{"0":1,"1":19,"2":19,"3":1,"4":1,"5":1,"6":19,"7":17},"f":{"0":19,"1":1,"2":17},"b":{"0":[19,0]},"_coverageSchema":"1a1c01bbd47fc00a2c39e90264f33305004495a9","hash":"7b2198bcdc4b7f16f8a8616c38412956757a3257"}
,"/Users/joshuafielding/Sites/FullStackOpen/part5/course/frontend/src/components/Notification.js": {"path":"/Users/joshuafielding/Sites/FullStackOpen/part5/course/frontend/src/components/Notification.js","statementMap":{"0":{"start":{"line":1,"column":21},"end":{"line":8,"column":1}},"1":{"start":{"line":3,"column":2},"end":{"line":5,"column":3}},"2":{"start":{"line":4,"column":4},"end":{"line":4,"column":15}},"3":{"start":{"line":7,"column":2},"end":{"line":7,"column":80}}},"fnMap":{"0":{"name":"(anonymous_0)","decl":{"start":{"line":1,"column":21},"end":{"line":1,"column":22}},"loc":{"start":{"line":1,"column":47},"end":{"line":8,"column":1}},"line":1}},"branchMap":{"0":{"loc":{"start":{"line":3,"column":2},"end":{"line":5,"column":3}},"type":"if","locations":[{"start":{"line":3,"column":2},"end":{"line":5,"column":3}},{"start":{},"end":{}}],"line":3},"1":{"loc":{"start":{"line":7,"column":25},"end":{"line":7,"column":63}},"type":"cond-expr","locations":[{"start":{"line":7,"column":44},"end":{"line":7,"column":53}},{"start":{"line":7,"column":56},"end":{"line":7,"column":63}}],"line":7}},"s":{"0":1,"1":0,"2":0,"3":0},"f":{"0":0},"b":{"0":[0,0],"1":[0,0]},"_coverageSchema":"1a1c01bbd47fc00a2c39e90264f33305004495a9","hash":"75dfe30682ecc8e6f5fbc784680f63e62affcb21"}
,"/Users/joshuafielding/Sites/FullStackOpen/part5/course/frontend/src/components/Togglable.js": {"path":"/Users/joshuafielding/Sites/FullStackOpen/part5/course/frontend/src/components/Togglable.js","statementMap":{"0":{"start":{"line":4,"column":18},"end":{"line":34,"column":2}},"1":{"start":{"line":5,"column":32},"end":{"line":5,"column":47}},"2":{"start":{"line":7,"column":26},"end":{"line":7,"column":60}},"3":{"start":{"line":8,"column":26},"end":{"line":8,"column":60}},"4":{"start":{"line":10,"column":27},"end":{"line":12,"column":3}},"5":{"start":{"line":11,"column":4},"end":{"line":11,"column":24}},"6":{"start":{"line":15,"column":2},"end":{"line":19,"column":4}},"7":{"start":{"line":16,"column":4},"end":{"line":18,"column":5}},"8":{"start":{"line":21,"column":2},"end":{"line":33,"column":3}},"9":{"start":{"line":36,"column":0},"end":{"line":36,"column":35}},"10":{"start":{"line":38,"column":0},"end":{"line":40,"column":1}}},"fnMap":{"0":{"name":"(anonymous_0)","decl":{"start":{"line":4,"column":29},"end":{"line":4,"column":30}},"loc":{"start":{"line":4,"column":46},"end":{"line":34,"column":1}},"line":4},"1":{"name":"(anonymous_1)","decl":{"start":{"line":10,"column":27},"end":{"line":10,"column":28}},"loc":{"start":{"line":10,"column":33},"end":{"line":12,"column":3}},"line":10},"2":{"name":"(anonymous_2)","decl":{"start":{"line":15,"column":28},"end":{"line":15,"column":29}},"loc":{"start":{"line":15,"column":34},"end":{"line":19,"column":3}},"line":15}},"branchMap":{"0":{"loc":{"start":{"line":7,"column":37},"end":{"line":7,"column":58}},"type":"cond-expr","locations":[{"start":{"line":7,"column":47},"end":{"line":7,"column":53}},{"start":{"line":7,"column":56},"end":{"line":7,"column":58}}],"line":7},"1":{"loc":{"start":{"line":8,"column":37},"end":{"line":8,"column":58}},"type":"cond-expr","locations":[{"start":{"line":8,"column":47},"end":{"line":8,"column":49}},{"start":{"line":8,"column":52},"end":{"line":8,"column":58}}],"line":8}},"s":{"0":1,"1":7,"2":7,"3":7,"4":7,"5":3,"6":7,"7":0,"8":7,"9":1,"10":1},"f":{"0":7,"1":3,"2":0},"b":{"0":[2,5],"1":[2,5]},"_coverageSchema":"1a1c01bbd47fc00a2c39e90264f33305004495a9","hash":"5a92c36f3054251254f7662740cc8f51f5e6ea52"}
,"/Users/joshuafielding/Sites/FullStackOpen/part5/course/frontend/src/services/login.js": {"path":"/Users/joshuafielding/Sites/FullStackOpen/part5/course/frontend/src/services/login.js","statementMap":{"0":{"start":{"line":2,"column":16},"end":{"line":2,"column":28}},"1":{"start":{"line":4,"column":14},"end":{"line":7,"column":1}},"2":{"start":{"line":5,"column":19},"end":{"line":5,"column":57}},"3":{"start":{"line":6,"column":2},"end":{"line":6,"column":23}}},"fnMap":{"0":{"name":"(anonymous_0)","decl":{"start":{"line":4,"column":14},"end":{"line":4,"column":15}},"loc":{"start":{"line":4,"column":37},"end":{"line":7,"column":1}},"line":4}},"branchMap":{},"s":{"0":0,"1":0,"2":0,"3":0},"f":{"0":0},"b":{}}
,"/Users/joshuafielding/Sites/FullStackOpen/part5/course/frontend/src/services/notes.js": {"path":"/Users/joshuafielding/Sites/FullStackOpen/part5/course/frontend/src/services/notes.js","statementMap":{"0":{"start":{"line":2,"column":16},"end":{"line":2,"column":28}},"1":{"start":{"line":4,"column":12},"end":{"line":4,"column":16}},"2":{"start":{"line":6,"column":17},"end":{"line":8,"column":1}},"3":{"start":{"line":7,"column":2},"end":{"line":7,"column":31}},"4":{"start":{"line":10,"column":15},"end":{"line":13,"column":1}},"5":{"start":{"line":11,"column":18},"end":{"line":11,"column":36}},"6":{"start":{"line":12,"column":2},"end":{"line":12,"column":51}},"7":{"start":{"line":12,"column":36},"end":{"line":12,"column":49}},"8":{"start":{"line":15,"column":15},"end":{"line":22,"column":1}},"9":{"start":{"line":16,"column":17},"end":{"line":18,"column":3}},"10":{"start":{"line":20,"column":19},"end":{"line":20,"column":63}},"11":{"start":{"line":21,"column":2},"end":{"line":21,"column":23}},"12":{"start":{"line":24,"column":15},"end":{"line":27,"column":1}},"13":{"start":{"line":25,"column":18},"end":{"line":25,"column":58}},"14":{"start":{"line":26,"column":2},"end":{"line":26,"column":51}},"15":{"start":{"line":26,"column":36},"end":{"line":26,"column":49}}},"fnMap":{"0":{"name":"(anonymous_0)","decl":{"start":{"line":6,"column":17},"end":{"line":6,"column":18}},"loc":{"start":{"line":6,"column":31},"end":{"line":8,"column":1}},"line":6},"1":{"name":"(anonymous_1)","decl":{"start":{"line":10,"column":15},"end":{"line":10,"column":16}},"loc":{"start":{"line":10,"column":21},"end":{"line":13,"column":1}},"line":10},"2":{"name":"(anonymous_2)","decl":{"start":{"line":12,"column":22},"end":{"line":12,"column":23}},"loc":{"start":{"line":12,"column":36},"end":{"line":12,"column":49}},"line":12},"3":{"name":"(anonymous_3)","decl":{"start":{"line":15,"column":15},"end":{"line":15,"column":16}},"loc":{"start":{"line":15,"column":36},"end":{"line":22,"column":1}},"line":15},"4":{"name":"(anonymous_4)","decl":{"start":{"line":24,"column":15},"end":{"line":24,"column":16}},"loc":{"start":{"line":24,"column":34},"end":{"line":27,"column":1}},"line":24},"5":{"name":"(anonymous_5)","decl":{"start":{"line":26,"column":22},"end":{"line":26,"column":23}},"loc":{"start":{"line":26,"column":36},"end":{"line":26,"column":49}},"line":26}},"branchMap":{},"s":{"0":0,"1":0,"2":0,"3":0,"4":0,"5":0,"6":0,"7":0,"8":0,"9":0,"10":0,"11":0,"12":0,"13":0,"14":0,"15":0},"f":{"0":0,"1":0,"2":0,"3":0,"4":0,"5":0},"b":{}}
}
